{"/Users/jeremy/Proyects/jere/fizzbuzz/fizzbuzz.js": {"path":"/Users/jeremy/Proyects/jere/fizzbuzz/fizzbuzz.js","all":false,"statementMap":{"0":{"start":{"line":1,"column":0},"end":{"line":1,"column":23}},"1":{"start":{"line":2,"column":0},"end":{"line":2,"column":0}},"2":{"start":{"line":3,"column":0},"end":{"line":3,"column":38}},"3":{"start":{"line":4,"column":0},"end":{"line":4,"column":0}},"4":{"start":{"line":5,"column":0},"end":{"line":5,"column":72}},"5":{"start":{"line":6,"column":0},"end":{"line":6,"column":0}},"6":{"start":{"line":7,"column":0},"end":{"line":7,"column":31}},"7":{"start":{"line":8,"column":0},"end":{"line":8,"column":44}},"8":{"start":{"line":9,"column":0},"end":{"line":9,"column":5}},"9":{"start":{"line":10,"column":0},"end":{"line":10,"column":0}},"10":{"start":{"line":11,"column":0},"end":{"line":11,"column":38}},"11":{"start":{"line":12,"column":0},"end":{"line":12,"column":47}},"12":{"start":{"line":13,"column":0},"end":{"line":13,"column":5}},"13":{"start":{"line":14,"column":0},"end":{"line":14,"column":0}},"14":{"start":{"line":15,"column":0},"end":{"line":15,"column":47}},"15":{"start":{"line":16,"column":0},"end":{"line":16,"column":25}},"16":{"start":{"line":17,"column":0},"end":{"line":17,"column":5}},"17":{"start":{"line":18,"column":0},"end":{"line":18,"column":0}},"18":{"start":{"line":19,"column":0},"end":{"line":19,"column":26}},"19":{"start":{"line":20,"column":0},"end":{"line":20,"column":21}},"20":{"start":{"line":21,"column":0},"end":{"line":21,"column":5}},"21":{"start":{"line":22,"column":0},"end":{"line":22,"column":0}},"22":{"start":{"line":23,"column":0},"end":{"line":23,"column":26}},"23":{"start":{"line":24,"column":0},"end":{"line":24,"column":21}},"24":{"start":{"line":25,"column":0},"end":{"line":25,"column":5}},"25":{"start":{"line":26,"column":0},"end":{"line":26,"column":0}},"26":{"start":{"line":27,"column":0},"end":{"line":27,"column":14}},"27":{"start":{"line":28,"column":0},"end":{"line":28,"column":1}},"28":{"start":{"line":29,"column":0},"end":{"line":29,"column":0}},"29":{"start":{"line":30,"column":0},"end":{"line":30,"column":25}}},"s":{"0":6,"1":6,"2":6,"3":6,"4":6,"5":6,"6":6,"7":1,"8":0,"9":5,"10":6,"11":1,"12":0,"13":4,"14":6,"15":1,"16":0,"17":3,"18":6,"19":1,"20":0,"21":2,"22":6,"23":1,"24":0,"25":1,"26":6,"27":0,"28":1,"29":1},"branchMap":{"0":{"type":"branch","line":1,"loc":{"start":{"line":1,"column":0},"end":{"line":28,"column":1}},"locations":[{"start":{"line":1,"column":0},"end":{"line":28,"column":1}}]},"1":{"type":"branch","line":7,"loc":{"start":{"line":7,"column":30},"end":{"line":9,"column":5}},"locations":[{"start":{"line":7,"column":30},"end":{"line":9,"column":5}}]},"2":{"type":"branch","line":8,"loc":{"start":{"line":8,"column":8},"end":{"line":9,"column":5}},"locations":[{"start":{"line":8,"column":8},"end":{"line":9,"column":5}}]},"3":{"type":"branch","line":10,"loc":{"start":{"line":10,"column":-1},"end":{"line":11,"column":7}},"locations":[{"start":{"line":10,"column":-1},"end":{"line":11,"column":7}}]},"4":{"type":"branch","line":11,"loc":{"start":{"line":11,"column":37},"end":{"line":13,"column":5}},"locations":[{"start":{"line":11,"column":37},"end":{"line":13,"column":5}}]},"5":{"type":"branch","line":12,"loc":{"start":{"line":12,"column":8},"end":{"line":13,"column":5}},"locations":[{"start":{"line":12,"column":8},"end":{"line":13,"column":5}}]},"6":{"type":"branch","line":14,"loc":{"start":{"line":14,"column":-1},"end":{"line":15,"column":16}},"locations":[{"start":{"line":14,"column":-1},"end":{"line":15,"column":16}}]},"7":{"type":"branch","line":15,"loc":{"start":{"line":15,"column":7},"end":{"line":15,"column":38}},"locations":[{"start":{"line":15,"column":7},"end":{"line":15,"column":38}}]},"8":{"type":"branch","line":15,"loc":{"start":{"line":15,"column":46},"end":{"line":17,"column":5}},"locations":[{"start":{"line":15,"column":46},"end":{"line":17,"column":5}}]},"9":{"type":"branch","line":16,"loc":{"start":{"line":16,"column":8},"end":{"line":17,"column":5}},"locations":[{"start":{"line":16,"column":8},"end":{"line":17,"column":5}}]},"10":{"type":"branch","line":18,"loc":{"start":{"line":18,"column":-1},"end":{"line":19,"column":7}},"locations":[{"start":{"line":18,"column":-1},"end":{"line":19,"column":7}}]},"11":{"type":"branch","line":19,"loc":{"start":{"line":19,"column":25},"end":{"line":21,"column":5}},"locations":[{"start":{"line":19,"column":25},"end":{"line":21,"column":5}}]},"12":{"type":"branch","line":20,"loc":{"start":{"line":20,"column":8},"end":{"line":21,"column":5}},"locations":[{"start":{"line":20,"column":8},"end":{"line":21,"column":5}}]},"13":{"type":"branch","line":22,"loc":{"start":{"line":22,"column":-1},"end":{"line":23,"column":7}},"locations":[{"start":{"line":22,"column":-1},"end":{"line":23,"column":7}}]},"14":{"type":"branch","line":23,"loc":{"start":{"line":23,"column":25},"end":{"line":27,"column":11}},"locations":[{"start":{"line":23,"column":25},"end":{"line":27,"column":11}}]},"15":{"type":"branch","line":24,"loc":{"start":{"line":24,"column":8},"end":{"line":25,"column":5}},"locations":[{"start":{"line":24,"column":8},"end":{"line":25,"column":5}}]},"16":{"type":"branch","line":27,"loc":{"start":{"line":27,"column":4},"end":{"line":28,"column":1}},"locations":[{"start":{"line":27,"column":4},"end":{"line":28,"column":1}}]},"17":{"type":"branch","line":5,"loc":{"start":{"line":5,"column":22},"end":{"line":5,"column":72}},"locations":[{"start":{"line":5,"column":22},"end":{"line":5,"column":72}}]}},"b":{"0":[6],"1":[1],"2":[0],"3":[5],"4":[1],"5":[0],"6":[4],"7":[2],"8":[1],"9":[0],"10":[3],"11":[1],"12":[0],"13":[2],"14":[1],"15":[0],"16":[0],"17":[11]},"fnMap":{"0":{"name":"fizzbuzz","decl":{"start":{"line":1,"column":0},"end":{"line":28,"column":1}},"loc":{"start":{"line":1,"column":0},"end":{"line":28,"column":1}},"line":1},"1":{"name":"divisible","decl":{"start":{"line":5,"column":22},"end":{"line":5,"column":72}},"loc":{"start":{"line":5,"column":22},"end":{"line":5,"column":72}},"line":5}},"f":{"0":6,"1":11}}
}
