TN:
SF:fizzbuzz.js
FN:1,fizzbuzz
FN:5,divisible
FNF:2
FNH:2
FNDA:6,fizzbuzz
FNDA:11,divisible
DA:1,6
DA:2,6
DA:3,6
DA:4,6
DA:5,6
DA:6,6
DA:7,6
DA:8,1
DA:9,0
DA:10,5
DA:11,6
DA:12,1
DA:13,0
DA:14,4
DA:15,6
DA:16,1
DA:17,0
DA:18,3
DA:19,6
DA:20,1
DA:21,0
DA:22,2
DA:23,6
DA:24,1
DA:25,0
DA:26,1
DA:27,6
DA:28,0
DA:29,1
DA:30,1
LF:30
LH:24
BRDA:1,0,0,6
BRDA:7,1,0,1
BRDA:8,2,0,0
BRDA:10,3,0,5
BRDA:11,4,0,1
BRDA:12,5,0,0
BRDA:14,6,0,4
BRDA:15,7,0,2
BRDA:15,8,0,1
BRDA:16,9,0,0
BRDA:18,10,0,3
BRDA:19,11,0,1
BRDA:20,12,0,0
BRDA:22,13,0,2
BRDA:23,14,0,1
BRDA:24,15,0,0
BRDA:27,16,0,0
BRDA:5,17,0,11
BRF:18
BRH:12
end_of_record
